<?xml version="1.0" encoding="UTF-8"?>
<!-- Generated by org.testng.reporters.JUnitXMLReporter -->
<testsuite ignored="0" hostname="Krishsk" failures="0" tests="3" name="Default test" time="51.707" errors="0" timestamp="2020-05-03T11:11:41 IST">
  <testcase classname="com.wol.tests.ViewAllOrdersTest" name="validateVAODeletebtn" time="0.426"/>
  <testcase classname="com.wol.tests.ViewAllOrdersTest" name="validateVAOHeader" time="0.078"/>
  <testcase classname="com.wol.tests.ViewAllOrdersTest" name="validateVAODCheckAndUncheckbtn" time="0.142"/>
</testsuite> <!-- Default test -->
