<?xml version="1.0" encoding="UTF-8"?>
<testng-results ignored="0" total="2" passed="2" failed="0" skipped="0">
  <reporter-output>
  </reporter-output>
  <suite started-at="2020-05-06T10:17:34 IST" name="Sample POM Web Orders Application Test" finished-at="2020-05-06T10:18:09 IST" duration-ms="34793">
    <groups>
    </groups>
    <test started-at="2020-05-06T10:17:34 IST" name="Web Orders App" finished-at="2020-05-06T10:18:09 IST" duration-ms="34793">
      <class name="com.wol.tests.LoginTest">
        <test-method is-config="true" signature="setup()[pri:0, instance:com.wol.tests.LoginTest@3c22fc4c]" started-at="2020-05-06T10:17:34 IST" name="setup" finished-at="2020-05-06T10:17:52 IST" duration-ms="17704" status="PASS">
          <reporter-output>
          </reporter-output>
        </test-method> <!-- setup -->
        <test-method signature="LoginPageTitle()[pri:1, instance:com.wol.tests.LoginTest@3c22fc4c]" started-at="2020-05-06T10:17:52 IST" name="LoginPageTitle" finished-at="2020-05-06T10:17:52 IST" duration-ms="43" status="PASS">
          <reporter-output>
          </reporter-output>
        </test-method> <!-- LoginPageTitle -->
        <test-method is-config="true" signature="teardown()[pri:0, instance:com.wol.tests.LoginTest@3c22fc4c]" started-at="2020-05-06T10:17:52 IST" name="teardown" finished-at="2020-05-06T10:17:53 IST" duration-ms="858" status="PASS">
          <reporter-output>
          </reporter-output>
        </test-method> <!-- teardown -->
        <test-method is-config="true" signature="setup()[pri:0, instance:com.wol.tests.LoginTest@3c22fc4c]" started-at="2020-05-06T10:17:53 IST" name="setup" finished-at="2020-05-06T10:18:05 IST" duration-ms="11709" status="PASS">
          <reporter-output>
          </reporter-output>
        </test-method> <!-- setup -->
        <test-method signature="LoginCredential()[pri:2, instance:com.wol.tests.LoginTest@3c22fc4c]" started-at="2020-05-06T10:18:05 IST" name="LoginCredential" finished-at="2020-05-06T10:18:08 IST" duration-ms="3444" status="PASS">
          <reporter-output>
          </reporter-output>
        </test-method> <!-- LoginCredential -->
        <test-method is-config="true" signature="teardown()[pri:0, instance:com.wol.tests.LoginTest@3c22fc4c]" started-at="2020-05-06T10:18:08 IST" name="teardown" finished-at="2020-05-06T10:18:09 IST" duration-ms="839" status="PASS">
          <reporter-output>
          </reporter-output>
        </test-method> <!-- teardown -->
      </class> <!-- com.wol.tests.LoginTest -->
    </test> <!-- Web Orders App -->
  </suite> <!-- Sample POM Web Orders Application Test -->
</testng-results>
